

Started GET "/" for 127.0.0.1 at 2014-03-13 23:49:58 -0600
  [1m[36mActiveRecord::SchemaMigration Load (0.1ms)[0m  [1mSELECT `schema_migrations`.* FROM `schema_migrations`[0m
Processing by HomeController#index as HTML
  Rendered partials/_formulary_profile_areas_form.html.erb (7.6ms)
  Rendered partials/_formulary_profile_classify_form.html.erb (3.0ms)
  Rendered partials/_formulary_profile_reach_form.html.erb (2.1ms)
  Rendered formulary_profiles/_form.html.erb (33.8ms)
  Rendered home/index.html.erb within layouts/application (36.4ms)
  Rendered layouts/_navbar.html.erb (0.6ms)
Completed 200 OK in 1152ms (Views: 1095.8ms | ActiveRecord: 6.7ms)


Started GET "/assets/application.css?body=1" for 127.0.0.1 at 2014-03-13 23:50:00 -0600


Started GET "/assets/bootstrap_and_overrides.css?body=1" for 127.0.0.1 at 2014-03-13 23:50:00 -0600


Started GET "/assets/jquery.js?body=1" for 127.0.0.1 at 2014-03-13 23:50:00 -0600


Started GET "/assets/twitter/bootstrap/bootstrap-alert.js?body=1" for 127.0.0.1 at 2014-03-13 23:50:00 -0600


Started GET "/assets/twitter/bootstrap/bootstrap-transition.js?body=1" for 127.0.0.1 at 2014-03-13 23:50:00 -0600


Started GET "/assets/jquery_ujs.js?body=1" for 127.0.0.1 at 2014-03-13 23:50:00 -0600


Started GET "/assets/twitter/bootstrap/bootstrap-modal.js?body=1" for 127.0.0.1 at 2014-03-13 23:50:00 -0600


Started GET "/assets/twitter/bootstrap/bootstrap-dropdown.js?body=1" for 127.0.0.1 at 2014-03-13 23:50:00 -0600


Started GET "/assets/twitter/bootstrap/bootstrap-scrollspy.js?body=1" for 127.0.0.1 at 2014-03-13 23:50:00 -0600


Started GET "/assets/twitter/bootstrap/bootstrap-tab.js?body=1" for 127.0.0.1 at 2014-03-13 23:50:00 -0600


Started GET "/assets/twitter/bootstrap/bootstrap-tooltip.js?body=1" for 127.0.0.1 at 2014-03-13 23:50:00 -0600


Started GET "/assets/twitter/bootstrap/bootstrap-popover.js?body=1" for 127.0.0.1 at 2014-03-13 23:50:00 -0600


Started GET "/assets/twitter/bootstrap/bootstrap-button.js?body=1" for 127.0.0.1 at 2014-03-13 23:50:00 -0600


Started GET "/assets/twitter/bootstrap/bootstrap-collapse.js?body=1" for 127.0.0.1 at 2014-03-13 23:50:00 -0600


Started GET "/assets/twitter/bootstrap/bootstrap-carousel.js?body=1" for 127.0.0.1 at 2014-03-13 23:50:00 -0600


Started GET "/assets/twitter/bootstrap/bootstrap-typeahead.js?body=1" for 127.0.0.1 at 2014-03-13 23:50:00 -0600


Started GET "/assets/twitter/bootstrap/bootstrap-affix.js?body=1" for 127.0.0.1 at 2014-03-13 23:50:00 -0600


Started GET "/assets/twitter/bootstrap.js?body=1" for 127.0.0.1 at 2014-03-13 23:50:00 -0600


Started GET "/assets/turbolinks.js?body=1" for 127.0.0.1 at 2014-03-13 23:50:00 -0600


Started GET "/assets/bootstrap.js?body=1" for 127.0.0.1 at 2014-03-13 23:50:00 -0600


Started GET "/assets/formulary_profile_areas.js?body=1" for 127.0.0.1 at 2014-03-13 23:50:00 -0600


Started GET "/assets/formulary_profile_classifies.js?body=1" for 127.0.0.1 at 2014-03-13 23:50:00 -0600


Started GET "/assets/formulary_profile_reaches.js?body=1" for 127.0.0.1 at 2014-03-13 23:50:00 -0600


Started GET "/assets/home.js?body=1" for 127.0.0.1 at 2014-03-13 23:50:00 -0600


Started GET "/assets/application.js?body=1" for 127.0.0.1 at 2014-03-13 23:50:00 -0600


Started GET "/images/favicon.ico" for 127.0.0.1 at 2014-03-13 23:50:00 -0600

ActionController::RoutingError (No route matches [GET] "/images/favicon.ico"):
  actionpack (4.0.2) lib/action_dispatch/middleware/debug_exceptions.rb:21:in `call'
  actionpack (4.0.2) lib/action_dispatch/middleware/show_exceptions.rb:30:in `call'
  railties (4.0.2) lib/rails/rack/logger.rb:38:in `call_app'
  railties (4.0.2) lib/rails/rack/logger.rb:20:in `block in call'
  activesupport (4.0.2) lib/active_support/tagged_logging.rb:67:in `block in tagged'
  activesupport (4.0.2) lib/active_support/tagged_logging.rb:25:in `tagged'
  activesupport (4.0.2) lib/active_support/tagged_logging.rb:67:in `tagged'
  railties (4.0.2) lib/rails/rack/logger.rb:20:in `call'
  actionpack (4.0.2) lib/action_dispatch/middleware/request_id.rb:21:in `call'
  rack (1.5.2) lib/rack/methodoverride.rb:21:in `call'
  rack (1.5.2) lib/rack/runtime.rb:17:in `call'
  activesupport (4.0.2) lib/active_support/cache/strategy/local_cache.rb:83:in `call'
  rack (1.5.2) lib/rack/lock.rb:17:in `call'
  actionpack (4.0.2) lib/action_dispatch/middleware/static.rb:64:in `call'
  rack (1.5.2) lib/rack/sendfile.rb:112:in `call'
  railties (4.0.2) lib/rails/engine.rb:511:in `call'
  railties (4.0.2) lib/rails/application.rb:97:in `call'
  rack (1.5.2) lib/rack/lock.rb:17:in `call'
  rack (1.5.2) lib/rack/content_length.rb:14:in `call'
  rack (1.5.2) lib/rack/handler/webrick.rb:60:in `service'
  /home/jason/.rvm/rubies/ruby-2.1.0/lib/ruby/2.1.0/webrick/httpserver.rb:138:in `service'
  /home/jason/.rvm/rubies/ruby-2.1.0/lib/ruby/2.1.0/webrick/httpserver.rb:94:in `run'
  /home/jason/.rvm/rubies/ruby-2.1.0/lib/ruby/2.1.0/webrick/server.rb:295:in `block in start_thread'


  Rendered /home/jason/.rvm/gems/ruby-2.1.0/gems/actionpack-4.0.2/lib/action_dispatch/middleware/templates/rescues/_trace.erb (0.9ms)
  Rendered /home/jason/.rvm/gems/ruby-2.1.0/gems/actionpack-4.0.2/lib/action_dispatch/middleware/templates/routes/_route.html.erb (2.6ms)
  Rendered /home/jason/.rvm/gems/ruby-2.1.0/gems/actionpack-4.0.2/lib/action_dispatch/middleware/templates/routes/_table.html.erb (1.4ms)
  Rendered /home/jason/.rvm/gems/ruby-2.1.0/gems/actionpack-4.0.2/lib/action_dispatch/middleware/templates/rescues/routing_error.erb within rescues/layout (21.1ms)
  [1m[36m (2.9ms)[0m  [1mCREATE TABLE `schema_migrations` (`version` varchar(255) NOT NULL) ENGINE=InnoDB[0m
  [1m[35m (8.8ms)[0m  CREATE UNIQUE INDEX `unique_schema_migrations` ON `schema_migrations` (`version`) 
  [1m[36mActiveRecord::SchemaMigration Load (0.3ms)[0m  [1mSELECT `schema_migrations`.* FROM `schema_migrations`[0m
Migrating to CreateFormularyProfiles (20140309182029)
  [1m[35m (2.2ms)[0m  CREATE TABLE `formulary_profiles` (`id` int(11) DEFAULT NULL auto_increment PRIMARY KEY, `name` varchar(255), `period` varchar(255), `region` varchar(255), `institution` varchar(255), `description` text, `objective` text, `discipline` text, `success` text, `created_at` datetime, `updated_at` datetime) ENGINE=InnoDB
  [1m[36m (0.1ms)[0m  [1mBEGIN[0m
  [1m[35mSQL (0.3ms)[0m  INSERT INTO `schema_migrations` (`version`) VALUES ('20140309182029')
  [1m[36m (1.0ms)[0m  [1mCOMMIT[0m
Migrating to CreateFormularyProfileAreas (20140310002403)
  [1m[35m (2.8ms)[0m  CREATE TABLE `formulary_profile_areas` (`id` int(11) DEFAULT NULL auto_increment PRIMARY KEY, `formulary_profile_id` int(11), `mining` tinyint(1), `pesticide` tinyint(1), `occupational_health` tinyint(1), `community_paticipation` tinyint(1), `watershed_management` tinyint(1), `solid_waste_management` tinyint(1), `public_health` tinyint(1), `animal_health` tinyint(1), `determinant_of_health` tinyint(1), `food_sovereignty` tinyint(1), `indigenous_health` tinyint(1), `climate_change` tinyint(1), `forest_management` tinyint(1), `other` tinyint(1), `which` varchar(255), `created_at` datetime, `updated_at` datetime) ENGINE=InnoDB
  [1m[36m (0.2ms)[0m  [1mBEGIN[0m
  [1m[35mSQL (0.3ms)[0m  INSERT INTO `schema_migrations` (`version`) VALUES ('20140310002403')
  [1m[36m (1.0ms)[0m  [1mCOMMIT[0m
Migrating to CreateFormularyProfileReaches (20140312044645)
  [1m[35m (2.2ms)[0m  CREATE TABLE `formulary_profile_reaches` (`id` int(11) DEFAULT NULL auto_increment PRIMARY KEY, `formulary_profile_id` int(11), `research` tinyint(1), `action` tinyint(1), `policy` tinyint(1), `created_at` datetime, `updated_at` datetime) ENGINE=InnoDB
  [1m[36m (0.2ms)[0m  [1mBEGIN[0m
  [1m[35mSQL (0.3ms)[0m  INSERT INTO `schema_migrations` (`version`) VALUES ('20140312044645')
  [1m[36m (0.9ms)[0m  [1mCOMMIT[0m
Migrating to CreateFormularyProfileClassifies (20140312051812)
  [1m[35m (2.8ms)[0m  CREATE TABLE `formulary_profile_classifies` (`id` int(11) DEFAULT NULL auto_increment PRIMARY KEY, `formulary_profile_id` int(11), `project` tinyint(1), `part_program` tinyint(1), `entire_program` tinyint(1), `other` tinyint(1), `which` varchar(255), `created_at` datetime, `updated_at` datetime) ENGINE=InnoDB
  [1m[36m (0.2ms)[0m  [1mBEGIN[0m
  [1m[35mSQL (0.3ms)[0m  INSERT INTO `schema_migrations` (`version`) VALUES ('20140312051812')
  [1m[36m (0.8ms)[0m  [1mCOMMIT[0m
  [1m[35mActiveRecord::SchemaMigration Load (0.3ms)[0m  SELECT `schema_migrations`.* FROM `schema_migrations`


Started GET "/" for 127.0.0.1 at 2014-03-23 09:34:18 -0600

Mysql2::Error - Unknown database 'OccupationalHealth':
  mysql2 (0.3.15) lib/mysql2/client.rb:67:in `connect'
  mysql2 (0.3.15) lib/mysql2/client.rb:67:in `initialize'
  activerecord (4.0.2) lib/active_record/connection_adapters/mysql2_adapter.rb:18:in `new'
  activerecord (4.0.2) lib/active_record/connection_adapters/mysql2_adapter.rb:18:in `mysql2_connection'
  activerecord (4.0.2) lib/active_record/connection_adapters/abstract/connection_pool.rb:440:in `new_connection'
  activerecord (4.0.2) lib/active_record/connection_adapters/abstract/connection_pool.rb:450:in `checkout_new_connection'
  activerecord (4.0.2) lib/active_record/connection_adapters/abstract/connection_pool.rb:421:in `acquire_connection'
  activerecord (4.0.2) lib/active_record/connection_adapters/abstract/connection_pool.rb:356:in `block in checkout'
  /home/jason/.rvm/rubies/ruby-2.1.0/lib/ruby/2.1.0/monitor.rb:211:in `mon_synchronize'
  activerecord (4.0.2) lib/active_record/connection_adapters/abstract/connection_pool.rb:355:in `checkout'
  activerecord (4.0.2) lib/active_record/connection_adapters/abstract/connection_pool.rb:265:in `block in connection'
  /home/jason/.rvm/rubies/ruby-2.1.0/lib/ruby/2.1.0/monitor.rb:211:in `mon_synchronize'
  activerecord (4.0.2) lib/active_record/connection_adapters/abstract/connection_pool.rb:264:in `connection'
  activerecord (4.0.2) lib/active_record/connection_adapters/abstract/connection_pool.rb:546:in `retrieve_connection'
  activerecord (4.0.2) lib/active_record/connection_handling.rb:79:in `retrieve_connection'
  activerecord (4.0.2) lib/active_record/connection_handling.rb:53:in `connection'
  activerecord (4.0.2) lib/active_record/migration.rb:792:in `current_version'
  activerecord (4.0.2) lib/active_record/migration.rb:800:in `needs_migration?'
  activerecord (4.0.2) lib/active_record/migration.rb:379:in `check_pending!'
  activerecord (4.0.2) lib/active_record/migration.rb:366:in `call'
  actionpack (4.0.2) lib/action_dispatch/middleware/callbacks.rb:29:in `block in call'
  activesupport (4.0.2) lib/active_support/callbacks.rb:373:in `_run__2995286808871745531__call__callbacks'
  activesupport (4.0.2) lib/active_support/callbacks.rb:80:in `run_callbacks'
  actionpack (4.0.2) lib/action_dispatch/middleware/callbacks.rb:27:in `call'
  actionpack (4.0.2) lib/action_dispatch/middleware/reloader.rb:64:in `call'
  actionpack (4.0.2) lib/action_dispatch/middleware/remote_ip.rb:76:in `call'
  better_errors (1.1.0) lib/better_errors/middleware.rb:84:in `protected_app_call'
  better_errors (1.1.0) lib/better_errors/middleware.rb:79:in `better_errors_call'
  better_errors (1.1.0) lib/better_errors/middleware.rb:56:in `call'
  actionpack (4.0.2) lib/action_dispatch/middleware/debug_exceptions.rb:17:in `call'
  actionpack (4.0.2) lib/action_dispatch/middleware/show_exceptions.rb:30:in `call'
  railties (4.0.2) lib/rails/rack/logger.rb:38:in `call_app'
  railties (4.0.2) lib/rails/rack/logger.rb:20:in `block in call'
  activesupport (4.0.2) lib/active_support/tagged_logging.rb:67:in `block in tagged'
  activesupport (4.0.2) lib/active_support/tagged_logging.rb:25:in `tagged'
  activesupport (4.0.2) lib/active_support/tagged_logging.rb:67:in `tagged'
  railties (4.0.2) lib/rails/rack/logger.rb:20:in `call'
  actionpack (4.0.2) lib/action_dispatch/middleware/request_id.rb:21:in `call'
  rack (1.5.2) lib/rack/methodoverride.rb:21:in `call'
  rack (1.5.2) lib/rack/runtime.rb:17:in `call'
  activesupport (4.0.2) lib/active_support/cache/strategy/local_cache.rb:83:in `call'
  rack (1.5.2) lib/rack/lock.rb:17:in `call'
  actionpack (4.0.2) lib/action_dispatch/middleware/static.rb:64:in `call'
  rack (1.5.2) lib/rack/sendfile.rb:112:in `call'
  railties (4.0.2) lib/rails/engine.rb:511:in `call'
  railties (4.0.2) lib/rails/application.rb:97:in `call'
  rack (1.5.2) lib/rack/lint.rb:49:in `_call'
  rack (1.5.2) lib/rack/lint.rb:37:in `call'
  rack (1.5.2) lib/rack/showexceptions.rb:24:in `call'
  rack (1.5.2) lib/rack/commonlogger.rb:33:in `call'
  rack (1.5.2) lib/rack/chunked.rb:43:in `call'
  rack (1.5.2) lib/rack/content_length.rb:14:in `call'
  unicorn (4.8.2) lib/unicorn/http_server.rb:572:in `process_client'
  unicorn (4.8.2) lib/unicorn/http_server.rb:666:in `worker_loop'
  unicorn (4.8.2) lib/unicorn/http_server.rb:521:in `spawn_missing_workers'
  unicorn (4.8.2) lib/unicorn/http_server.rb:140:in `start'
  unicorn (4.8.2) bin/unicorn:126:in `<top (required)>'
   () home/jason/.rvm/gems/ruby-2.1.0/bin/unicorn:23:in `load'
   () home/jason/.rvm/gems/ruby-2.1.0/bin/unicorn:23:in `<main>'
   () home/jason/.rvm/gems/ruby-2.1.0/bin/ruby_executable_hooks:15:in `eval'
   () home/jason/.rvm/gems/ruby-2.1.0/bin/ruby_executable_hooks:15:in `<main>'



Started POST "/__better_errors/37933940/variables" for 127.0.0.1 at 2014-03-23 09:34:18 -0600
  [1m[36m (1.9ms)[0m  [1mCREATE TABLE `schema_migrations` (`version` varchar(255) NOT NULL) ENGINE=InnoDB[0m
  [1m[35m (7.0ms)[0m  CREATE UNIQUE INDEX `unique_schema_migrations` ON `schema_migrations` (`version`) 
  [1m[36mActiveRecord::SchemaMigration Load (0.2ms)[0m  [1mSELECT `schema_migrations`.* FROM `schema_migrations`[0m
Migrating to CreateFormularyProfiles (20140309182029)
  [1m[35m (1.9ms)[0m  CREATE TABLE `formulary_profiles` (`id` int(11) DEFAULT NULL auto_increment PRIMARY KEY, `name` varchar(255), `period` varchar(255), `region` varchar(255), `institution` varchar(255), `description` text, `objective` text, `discipline` text, `success` text, `created_at` datetime, `updated_at` datetime) ENGINE=InnoDB
  [1m[36m (0.1ms)[0m  [1mBEGIN[0m
  [1m[35mSQL (0.2ms)[0m  INSERT INTO `schema_migrations` (`version`) VALUES ('20140309182029')
  [1m[36m (0.7ms)[0m  [1mCOMMIT[0m
Migrating to CreateFormularyProfileAreas (20140310002403)
  [1m[35m (1.9ms)[0m  CREATE TABLE `formulary_profile_areas` (`id` int(11) DEFAULT NULL auto_increment PRIMARY KEY, `formulary_profile_id` int(11), `mining` tinyint(1), `pesticide` tinyint(1), `occupational_health` tinyint(1), `community_paticipation` tinyint(1), `watershed_management` tinyint(1), `solid_waste_management` tinyint(1), `public_health` tinyint(1), `animal_health` tinyint(1), `determinant_of_health` tinyint(1), `food_sovereignty` tinyint(1), `indigenous_health` tinyint(1), `climate_change` tinyint(1), `forest_management` tinyint(1), `other` tinyint(1), `which` varchar(255), `created_at` datetime, `updated_at` datetime) ENGINE=InnoDB
  [1m[36m (0.1ms)[0m  [1mBEGIN[0m
  [1m[35mSQL (0.2ms)[0m  INSERT INTO `schema_migrations` (`version`) VALUES ('20140310002403')
  [1m[36m (0.2ms)[0m  [1mCOMMIT[0m
Migrating to CreateFormularyProfileReaches (20140312044645)
  [1m[35m (1.8ms)[0m  CREATE TABLE `formulary_profile_reaches` (`id` int(11) DEFAULT NULL auto_increment PRIMARY KEY, `formulary_profile_id` int(11), `research` tinyint(1), `action` tinyint(1), `policy` tinyint(1), `created_at` datetime, `updated_at` datetime) ENGINE=InnoDB
  [1m[36m (0.1ms)[0m  [1mBEGIN[0m
  [1m[35mSQL (0.1ms)[0m  INSERT INTO `schema_migrations` (`version`) VALUES ('20140312044645')
  [1m[36m (0.2ms)[0m  [1mCOMMIT[0m
Migrating to CreateFormularyProfileClassifies (20140312051812)
  [1m[35m (1.8ms)[0m  CREATE TABLE `formulary_profile_classifies` (`id` int(11) DEFAULT NULL auto_increment PRIMARY KEY, `formulary_profile_id` int(11), `project` tinyint(1), `part_program` tinyint(1), `entire_program` tinyint(1), `other` tinyint(1), `which` varchar(255), `created_at` datetime, `updated_at` datetime) ENGINE=InnoDB
  [1m[36m (0.1ms)[0m  [1mBEGIN[0m
  [1m[35mSQL (0.2ms)[0m  INSERT INTO `schema_migrations` (`version`) VALUES ('20140312051812')
  [1m[36m (0.7ms)[0m  [1mCOMMIT[0m
  [1m[35mActiveRecord::SchemaMigration Load (0.2ms)[0m  SELECT `schema_migrations`.* FROM `schema_migrations`


Started GET "/" for 127.0.0.1 at 2014-03-23 09:34:59 -0600
  [1m[36mActiveRecord::SchemaMigration Load (0.1ms)[0m  [1mSELECT `schema_migrations`.* FROM `schema_migrations`[0m
Processing by HomeController#index as HTML
  Rendered partials/_formulary_profile_areas_form.html.erb (10.0ms)
  Rendered partials/_formulary_profile_classify_form.html.erb (3.6ms)
  Rendered partials/_formulary_profile_reach_form.html.erb (2.5ms)
  Rendered formulary_profiles/_form.html.erb (41.9ms)
  Rendered home/index.html.erb within layouts/application (45.3ms)
  Rendered layouts/_navbar.html.erb (0.7ms)
Completed 200 OK in 261ms (Views: 180.8ms | ActiveRecord: 7.5ms)


Started GET "/assets/jquery.js?body=1" for 127.0.0.1 at 2014-03-23 09:34:59 -0600


Started GET "/assets/application.css?body=1" for 127.0.0.1 at 2014-03-23 09:34:59 -0600


Started GET "/assets/jquery_ujs.js?body=1" for 127.0.0.1 at 2014-03-23 09:34:59 -0600


Started GET "/assets/bootstrap_and_overrides.css?body=1" for 127.0.0.1 at 2014-03-23 09:34:59 -0600


Started GET "/assets/twitter/bootstrap/bootstrap-transition.js?body=1" for 127.0.0.1 at 2014-03-23 09:34:59 -0600


Started GET "/assets/twitter/bootstrap/bootstrap-alert.js?body=1" for 127.0.0.1 at 2014-03-23 09:34:59 -0600


Started GET "/assets/twitter/bootstrap/bootstrap-modal.js?body=1" for 127.0.0.1 at 2014-03-23 09:34:59 -0600


Started GET "/assets/twitter/bootstrap/bootstrap-dropdown.js?body=1" for 127.0.0.1 at 2014-03-23 09:34:59 -0600


Started GET "/assets/twitter/bootstrap/bootstrap-scrollspy.js?body=1" for 127.0.0.1 at 2014-03-23 09:34:59 -0600
  [1m[36mActiveRecord::SchemaMigration Load (0.1ms)[0m  [1mSELECT `schema_migrations`.* FROM `schema_migrations`[0m


Started GET "/assets/twitter/bootstrap/bootstrap-tab.js?body=1" for 127.0.0.1 at 2014-03-23 09:34:59 -0600


Started GET "/assets/twitter/bootstrap/bootstrap-tooltip.js?body=1" for 127.0.0.1 at 2014-03-23 09:34:59 -0600


Started GET "/assets/twitter/bootstrap/bootstrap-popover.js?body=1" for 127.0.0.1 at 2014-03-23 09:34:59 -0600




Started GET "/assets/twitter/bootstrap/bootstrap-collapse.js?body=1" for 127.0.0.1 at 2014-03-23 09:34:59 -0600
Started GET "/assets/twitter/bootstrap/bootstrap-button.js?body=1" for 127.0.0.1 at 2014-03-23 09:34:59 -0600


Started GET "/assets/twitter/bootstrap/bootstrap-carousel.js?body=1" for 127.0.0.1 at 2014-03-23 09:34:59 -0600


  [1m[36mActiveRecord::SchemaMigration Load (0.1ms)[0m  [1mSELECT `schema_migrations`.* FROM `schema_migrations`[0m
Started GET "/assets/twitter/bootstrap/bootstrap-typeahead.js?body=1" for 127.0.0.1 at 2014-03-23 09:34:59 -0600
  [1m[36mActiveRecord::SchemaMigration Load (0.1ms)[0m  [1mSELECT `schema_migrations`.* FROM `schema_migrations`[0m


Started GET "/assets/twitter/bootstrap/bootstrap-affix.js?body=1" for 127.0.0.1 at 2014-03-23 09:34:59 -0600


Started GET "/assets/twitter/bootstrap.js?body=1" for 127.0.0.1 at 2014-03-23 09:34:59 -0600


Started GET "/assets/turbolinks.js?body=1" for 127.0.0.1 at 2014-03-23 09:34:59 -0600


Started GET "/assets/bootstrap.js?body=1" for 127.0.0.1 at 2014-03-23 09:34:59 -0600


Started GET "/assets/formulary_profile_areas.js?body=1" for 127.0.0.1 at 2014-03-23 09:34:59 -0600


Started GET "/assets/formulary_profile_classifies.js?body=1" for 127.0.0.1 at 2014-03-23 09:34:59 -0600



Started GET "/assets/formulary_profile_reaches.js?body=1" for 127.0.0.1 at 2014-03-23 09:34:59 -0600

Started GET "/assets/home.js?body=1" for 127.0.0.1 at 2014-03-23 09:34:59 -0600


Started GET "/assets/application.js?body=1" for 127.0.0.1 at 2014-03-23 09:34:59 -0600


Started GET "/images/favicon.ico" for 127.0.0.1 at 2014-03-23 09:35:00 -0600

ActionController::RoutingError (No route matches [GET] "/images/favicon.ico"):
  actionpack (4.0.2) lib/action_dispatch/middleware/debug_exceptions.rb:21:in `call'
  actionpack (4.0.2) lib/action_dispatch/middleware/show_exceptions.rb:30:in `call'
  railties (4.0.2) lib/rails/rack/logger.rb:38:in `call_app'
  railties (4.0.2) lib/rails/rack/logger.rb:20:in `block in call'
  activesupport (4.0.2) lib/active_support/tagged_logging.rb:67:in `block in tagged'
  activesupport (4.0.2) lib/active_support/tagged_logging.rb:25:in `tagged'
  activesupport (4.0.2) lib/active_support/tagged_logging.rb:67:in `tagged'
  railties (4.0.2) lib/rails/rack/logger.rb:20:in `call'
  actionpack (4.0.2) lib/action_dispatch/middleware/request_id.rb:21:in `call'
  rack (1.5.2) lib/rack/methodoverride.rb:21:in `call'
  rack (1.5.2) lib/rack/runtime.rb:17:in `call'
  activesupport (4.0.2) lib/active_support/cache/strategy/local_cache.rb:83:in `call'
  rack (1.5.2) lib/rack/lock.rb:17:in `call'
  actionpack (4.0.2) lib/action_dispatch/middleware/static.rb:64:in `call'
  rack (1.5.2) lib/rack/sendfile.rb:112:in `call'
  railties (4.0.2) lib/rails/engine.rb:511:in `call'
  railties (4.0.2) lib/rails/application.rb:97:in `call'
  rack (1.5.2) lib/rack/lint.rb:49:in `_call'
  rack (1.5.2) lib/rack/lint.rb:37:in `call'
  rack (1.5.2) lib/rack/showexceptions.rb:24:in `call'
  rack (1.5.2) lib/rack/commonlogger.rb:33:in `call'
  rack (1.5.2) lib/rack/chunked.rb:43:in `call'
  rack (1.5.2) lib/rack/content_length.rb:14:in `call'
  unicorn (4.8.2) lib/unicorn/http_server.rb:572:in `process_client'
  unicorn (4.8.2) lib/unicorn/http_server.rb:666:in `worker_loop'
  unicorn (4.8.2) lib/unicorn/http_server.rb:521:in `spawn_missing_workers'
  unicorn (4.8.2) lib/unicorn/http_server.rb:140:in `start'
  unicorn (4.8.2) bin/unicorn:126:in `<top (required)>'
  /home/jason/.rvm/gems/ruby-2.1.0/bin/unicorn:23:in `load'
  /home/jason/.rvm/gems/ruby-2.1.0/bin/unicorn:23:in `<main>'
  /home/jason/.rvm/gems/ruby-2.1.0/bin/ruby_executable_hooks:15:in `eval'
  /home/jason/.rvm/gems/ruby-2.1.0/bin/ruby_executable_hooks:15:in `<main>'


  Rendered /home/jason/.rvm/gems/ruby-2.1.0/gems/actionpack-4.0.2/lib/action_dispatch/middleware/templates/rescues/_trace.erb (1.1ms)
  Rendered /home/jason/.rvm/gems/ruby-2.1.0/gems/actionpack-4.0.2/lib/action_dispatch/middleware/templates/routes/_route.html.erb (20.9ms)
  Rendered /home/jason/.rvm/gems/ruby-2.1.0/gems/actionpack-4.0.2/lib/action_dispatch/middleware/templates/routes/_table.html.erb (3.4ms)
  Rendered /home/jason/.rvm/gems/ruby-2.1.0/gems/actionpack-4.0.2/lib/action_dispatch/middleware/templates/rescues/routing_error.erb within rescues/layout (56.4ms)


Started GET "/" for 127.0.0.1 at 2014-03-26 18:03:31 -0600
  [1m[36mActiveRecord::SchemaMigration Load (0.2ms)[0m  [1mSELECT `schema_migrations`.* FROM `schema_migrations`[0m
Processing by HomeController#index as HTML
  Rendered partials/_formulary_profile_areas_form.html.erb (10.5ms)
  Rendered partials/_formulary_profile_classify_form.html.erb (3.2ms)
  Rendered partials/_formulary_profile_reach_form.html.erb (2.2ms)
  Rendered formulary_profiles/_form.html.erb (49.1ms)
  Rendered home/index.html.erb within layouts/application (52.1ms)
  Rendered layouts/_navbar.html.erb (0.6ms)
Completed 200 OK in 964ms (Views: 906.4ms | ActiveRecord: 6.4ms)


Started GET "/assets/application.css?body=1" for 127.0.0.1 at 2014-03-26 18:03:33 -0600


Started GET "/assets/twitter/bootstrap/bootstrap-transition.js?body=1" for 127.0.0.1 at 2014-03-26 18:03:33 -0600


Started GET "/assets/jquery_ujs.js?body=1" for 127.0.0.1 at 2014-03-26 18:03:33 -0600


Started GET "/assets/bootstrap_and_overrides.css?body=1" for 127.0.0.1 at 2014-03-26 18:03:33 -0600


Started GET "/assets/jquery.js?body=1" for 127.0.0.1 at 2014-03-26 18:03:33 -0600


Started GET "/assets/twitter/bootstrap/bootstrap-alert.js?body=1" for 127.0.0.1 at 2014-03-26 18:03:33 -0600


Started GET "/assets/twitter/bootstrap/bootstrap-modal.js?body=1" for 127.0.0.1 at 2014-03-26 18:03:33 -0600


Started GET "/assets/twitter/bootstrap/bootstrap-dropdown.js?body=1" for 127.0.0.1 at 2014-03-26 18:03:33 -0600


Started GET "/assets/twitter/bootstrap/bootstrap-scrollspy.js?body=1" for 127.0.0.1 at 2014-03-26 18:03:33 -0600


Started GET "/assets/twitter/bootstrap/bootstrap-tab.js?body=1" for 127.0.0.1 at 2014-03-26 18:03:33 -0600


Started GET "/assets/twitter/bootstrap/bootstrap-tooltip.js?body=1" for 127.0.0.1 at 2014-03-26 18:03:33 -0600


Started GET "/assets/twitter/bootstrap/bootstrap-popover.js?body=1" for 127.0.0.1 at 2014-03-26 18:03:33 -0600


Started GET "/assets/twitter/bootstrap/bootstrap-button.js?body=1" for 127.0.0.1 at 2014-03-26 18:03:33 -0600


Started GET "/assets/twitter/bootstrap/bootstrap-collapse.js?body=1" for 127.0.0.1 at 2014-03-26 18:03:33 -0600


Started GET "/assets/twitter/bootstrap/bootstrap-carousel.js?body=1" for 127.0.0.1 at 2014-03-26 18:03:33 -0600


Started GET "/assets/twitter/bootstrap/bootstrap-typeahead.js?body=1" for 127.0.0.1 at 2014-03-26 18:03:33 -0600


Started GET "/assets/twitter/bootstrap/bootstrap-affix.js?body=1" for 127.0.0.1 at 2014-03-26 18:03:33 -0600


Started GET "/assets/twitter/bootstrap.js?body=1" for 127.0.0.1 at 2014-03-26 18:03:33 -0600


Started GET "/assets/turbolinks.js?body=1" for 127.0.0.1 at 2014-03-26 18:03:33 -0600


Started GET "/assets/bootstrap.js?body=1" for 127.0.0.1 at 2014-03-26 18:03:33 -0600


Started GET "/assets/formulary_profile_areas.js?body=1" for 127.0.0.1 at 2014-03-26 18:03:33 -0600


Started GET "/assets/formulary_profile_classifies.js?body=1" for 127.0.0.1 at 2014-03-26 18:03:33 -0600


Started GET "/assets/formulary_profile_reaches.js?body=1" for 127.0.0.1 at 2014-03-26 18:03:33 -0600


Started GET "/assets/home.js?body=1" for 127.0.0.1 at 2014-03-26 18:03:33 -0600


Started GET "/assets/application.js?body=1" for 127.0.0.1 at 2014-03-26 18:03:33 -0600


Started GET "/images/favicon.ico" for 127.0.0.1 at 2014-03-26 18:03:33 -0600

ActionController::RoutingError (No route matches [GET] "/images/favicon.ico"):
  actionpack (4.0.2) lib/action_dispatch/middleware/debug_exceptions.rb:21:in `call'
  actionpack (4.0.2) lib/action_dispatch/middleware/show_exceptions.rb:30:in `call'
  railties (4.0.2) lib/rails/rack/logger.rb:38:in `call_app'
  railties (4.0.2) lib/rails/rack/logger.rb:20:in `block in call'
  activesupport (4.0.2) lib/active_support/tagged_logging.rb:67:in `block in tagged'
  activesupport (4.0.2) lib/active_support/tagged_logging.rb:25:in `tagged'
  activesupport (4.0.2) lib/active_support/tagged_logging.rb:67:in `tagged'
  railties (4.0.2) lib/rails/rack/logger.rb:20:in `call'
  actionpack (4.0.2) lib/action_dispatch/middleware/request_id.rb:21:in `call'
  rack (1.5.2) lib/rack/methodoverride.rb:21:in `call'
  rack (1.5.2) lib/rack/runtime.rb:17:in `call'
  activesupport (4.0.2) lib/active_support/cache/strategy/local_cache.rb:83:in `call'
  rack (1.5.2) lib/rack/lock.rb:17:in `call'
  actionpack (4.0.2) lib/action_dispatch/middleware/static.rb:64:in `call'
  rack (1.5.2) lib/rack/sendfile.rb:112:in `call'
  railties (4.0.2) lib/rails/engine.rb:511:in `call'
  railties (4.0.2) lib/rails/application.rb:97:in `call'
  rack (1.5.2) lib/rack/lock.rb:17:in `call'
  rack (1.5.2) lib/rack/content_length.rb:14:in `call'
  rack (1.5.2) lib/rack/handler/webrick.rb:60:in `service'
  /home/jason/.rvm/rubies/ruby-2.1.0/lib/ruby/2.1.0/webrick/httpserver.rb:138:in `service'
  /home/jason/.rvm/rubies/ruby-2.1.0/lib/ruby/2.1.0/webrick/httpserver.rb:94:in `run'
  /home/jason/.rvm/rubies/ruby-2.1.0/lib/ruby/2.1.0/webrick/server.rb:295:in `block in start_thread'


  Rendered /home/jason/.rvm/gems/ruby-2.1.0/gems/actionpack-4.0.2/lib/action_dispatch/middleware/templates/rescues/_trace.erb (0.9ms)
  Rendered /home/jason/.rvm/gems/ruby-2.1.0/gems/actionpack-4.0.2/lib/action_dispatch/middleware/templates/routes/_route.html.erb (2.6ms)
  Rendered /home/jason/.rvm/gems/ruby-2.1.0/gems/actionpack-4.0.2/lib/action_dispatch/middleware/templates/routes/_table.html.erb (1.8ms)
  Rendered /home/jason/.rvm/gems/ruby-2.1.0/gems/actionpack-4.0.2/lib/action_dispatch/middleware/templates/rescues/routing_error.erb within rescues/layout (23.8ms)


Started GET "/es" for 127.0.0.1 at 2014-03-26 18:05:30 -0600
Processing by HomeController#index as HTML
  Parameters: {"locale"=>"es"}
  Rendered partials/_formulary_profile_areas_form.html.erb (10.9ms)
  Rendered partials/_formulary_profile_classify_form.html.erb (3.0ms)
  Rendered partials/_formulary_profile_reach_form.html.erb (2.3ms)
  Rendered formulary_profiles/_form.html.erb (29.3ms)
  Rendered home/index.html.erb within layouts/application (31.7ms)
  Rendered layouts/_navbar.html.erb (0.6ms)
Completed 200 OK in 69ms (Views: 64.9ms | ActiveRecord: 0.0ms)


Started GET "/es" for 127.0.0.1 at 2014-03-26 18:07:16 -0600
Processing by HomeController#index as HTML
  Parameters: {"locale"=>"es"}
  Rendered partials/_formulary_profile_areas_form.html.erb (8.2ms)
  Rendered partials/_formulary_profile_classify_form.html.erb (2.8ms)
  Rendered partials/_formulary_profile_reach_form.html.erb (2.5ms)
  Rendered formulary_profiles/_form.html.erb (26.9ms)
  Rendered home/index.html.erb within layouts/application (28.7ms)
  Rendered layouts/_navbar.html.erb (0.6ms)
Completed 200 OK in 64ms (Views: 60.5ms | ActiveRecord: 0.0ms)


Started GET "/assets/application.css?body=1" for 127.0.0.1 at 2014-03-26 18:07:16 -0600


Started GET "/assets/jquery_ujs.js?body=1" for 127.0.0.1 at 2014-03-26 18:07:16 -0600


Started GET "/assets/jquery.js?body=1" for 127.0.0.1 at 2014-03-26 18:07:16 -0600


Started GET "/assets/twitter/bootstrap/bootstrap-alert.js?body=1" for 127.0.0.1 at 2014-03-26 18:07:16 -0600


Started GET "/assets/bootstrap_and_overrides.css?body=1" for 127.0.0.1 at 2014-03-26 18:07:16 -0600


Started GET "/assets/twitter/bootstrap/bootstrap-transition.js?body=1" for 127.0.0.1 at 2014-03-26 18:07:16 -0600


Started GET "/assets/twitter/bootstrap/bootstrap-modal.js?body=1" for 127.0.0.1 at 2014-03-26 18:07:16 -0600


Started GET "/assets/twitter/bootstrap/bootstrap-dropdown.js?body=1" for 127.0.0.1 at 2014-03-26 18:07:16 -0600


Started GET "/assets/twitter/bootstrap/bootstrap-scrollspy.js?body=1" for 127.0.0.1 at 2014-03-26 18:07:16 -0600


Started GET "/assets/twitter/bootstrap/bootstrap-tab.js?body=1" for 127.0.0.1 at 2014-03-26 18:07:16 -0600


Started GET "/assets/twitter/bootstrap/bootstrap-tooltip.js?body=1" for 127.0.0.1 at 2014-03-26 18:07:16 -0600


Started GET "/assets/twitter/bootstrap/bootstrap-popover.js?body=1" for 127.0.0.1 at 2014-03-26 18:07:16 -0600


Started GET "/assets/twitter/bootstrap/bootstrap-button.js?body=1" for 127.0.0.1 at 2014-03-26 18:07:16 -0600


Started GET "/assets/twitter/bootstrap/bootstrap-collapse.js?body=1" for 127.0.0.1 at 2014-03-26 18:07:16 -0600


Started GET "/assets/twitter/bootstrap/bootstrap-carousel.js?body=1" for 127.0.0.1 at 2014-03-26 18:07:16 -0600


Started GET "/assets/twitter/bootstrap/bootstrap-typeahead.js?body=1" for 127.0.0.1 at 2014-03-26 18:07:16 -0600


Started GET "/assets/twitter/bootstrap/bootstrap-affix.js?body=1" for 127.0.0.1 at 2014-03-26 18:07:16 -0600


Started GET "/assets/twitter/bootstrap.js?body=1" for 127.0.0.1 at 2014-03-26 18:07:16 -0600


Started GET "/assets/turbolinks.js?body=1" for 127.0.0.1 at 2014-03-26 18:07:16 -0600


Started GET "/assets/bootstrap.js?body=1" for 127.0.0.1 at 2014-03-26 18:07:16 -0600


Started GET "/assets/formulary_profile_areas.js?body=1" for 127.0.0.1 at 2014-03-26 18:07:16 -0600


Started GET "/assets/formulary_profile_classifies.js?body=1" for 127.0.0.1 at 2014-03-26 18:07:16 -0600


Started GET "/assets/formulary_profile_reaches.js?body=1" for 127.0.0.1 at 2014-03-26 18:07:16 -0600


Started GET "/assets/home.js?body=1" for 127.0.0.1 at 2014-03-26 18:07:16 -0600


Started GET "/assets/application.js?body=1" for 127.0.0.1 at 2014-03-26 18:07:16 -0600


Started GET "/images/favicon.ico" for 127.0.0.1 at 2014-03-26 18:07:16 -0600

ActionController::RoutingError (No route matches [GET] "/images/favicon.ico"):
  actionpack (4.0.2) lib/action_dispatch/middleware/debug_exceptions.rb:21:in `call'
  actionpack (4.0.2) lib/action_dispatch/middleware/show_exceptions.rb:30:in `call'
  railties (4.0.2) lib/rails/rack/logger.rb:38:in `call_app'
  railties (4.0.2) lib/rails/rack/logger.rb:20:in `block in call'
  activesupport (4.0.2) lib/active_support/tagged_logging.rb:67:in `block in tagged'
  activesupport (4.0.2) lib/active_support/tagged_logging.rb:25:in `tagged'
  activesupport (4.0.2) lib/active_support/tagged_logging.rb:67:in `tagged'
  railties (4.0.2) lib/rails/rack/logger.rb:20:in `call'
  actionpack (4.0.2) lib/action_dispatch/middleware/request_id.rb:21:in `call'
  rack (1.5.2) lib/rack/methodoverride.rb:21:in `call'
  rack (1.5.2) lib/rack/runtime.rb:17:in `call'
  activesupport (4.0.2) lib/active_support/cache/strategy/local_cache.rb:83:in `call'
  rack (1.5.2) lib/rack/lock.rb:17:in `call'
  actionpack (4.0.2) lib/action_dispatch/middleware/static.rb:64:in `call'
  rack (1.5.2) lib/rack/sendfile.rb:112:in `call'
  railties (4.0.2) lib/rails/engine.rb:511:in `call'
  railties (4.0.2) lib/rails/application.rb:97:in `call'
  rack (1.5.2) lib/rack/lock.rb:17:in `call'
  rack (1.5.2) lib/rack/content_length.rb:14:in `call'
  rack (1.5.2) lib/rack/handler/webrick.rb:60:in `service'
  /home/jason/.rvm/rubies/ruby-2.1.0/lib/ruby/2.1.0/webrick/httpserver.rb:138:in `service'
  /home/jason/.rvm/rubies/ruby-2.1.0/lib/ruby/2.1.0/webrick/httpserver.rb:94:in `run'
  /home/jason/.rvm/rubies/ruby-2.1.0/lib/ruby/2.1.0/webrick/server.rb:295:in `block in start_thread'


  Rendered /home/jason/.rvm/gems/ruby-2.1.0/gems/actionpack-4.0.2/lib/action_dispatch/middleware/templates/rescues/_trace.erb (0.9ms)
  Rendered /home/jason/.rvm/gems/ruby-2.1.0/gems/actionpack-4.0.2/lib/action_dispatch/middleware/templates/routes/_route.html.erb (2.8ms)
  Rendered /home/jason/.rvm/gems/ruby-2.1.0/gems/actionpack-4.0.2/lib/action_dispatch/middleware/templates/routes/_table.html.erb (1.1ms)
  Rendered /home/jason/.rvm/gems/ruby-2.1.0/gems/actionpack-4.0.2/lib/action_dispatch/middleware/templates/rescues/routing_error.erb within rescues/layout (20.9ms)


Started GET "/en" for 127.0.0.1 at 2014-03-26 18:07:25 -0600
Processing by HomeController#index as HTML
  Parameters: {"locale"=>"en"}
  Rendered partials/_formulary_profile_areas_form.html.erb (7.2ms)
  Rendered partials/_formulary_profile_classify_form.html.erb (2.7ms)
  Rendered partials/_formulary_profile_reach_form.html.erb (2.4ms)
  Rendered formulary_profiles/_form.html.erb (22.0ms)
  Rendered home/index.html.erb within layouts/application (24.0ms)
  Rendered layouts/_navbar.html.erb (0.7ms)
Completed 200 OK in 63ms (Views: 59.9ms | ActiveRecord: 0.0ms)


Started GET "/en" for 127.0.0.1 at 2014-03-26 18:08:13 -0600
Processing by HomeController#index as HTML
  Parameters: {"locale"=>"en"}
  Rendered partials/_formulary_profile_areas_form.html.erb (5.9ms)
  Rendered partials/_formulary_profile_classify_form.html.erb (2.3ms)
  Rendered partials/_formulary_profile_reach_form.html.erb (2.0ms)
  Rendered formulary_profiles/_form.html.erb (16.1ms)
  Rendered home/index.html.erb within layouts/application (17.9ms)
  Rendered layouts/_navbar.html.erb (0.2ms)
Completed 200 OK in 54ms (Views: 50.6ms | ActiveRecord: 0.0ms)


Started GET "/assets/application.css?body=1" for 127.0.0.1 at 2014-03-26 18:08:13 -0600


Started GET "/assets/twitter/bootstrap/bootstrap-alert.js?body=1" for 127.0.0.1 at 2014-03-26 18:08:13 -0600


Started GET "/assets/jquery_ujs.js?body=1" for 127.0.0.1 at 2014-03-26 18:08:13 -0600


Started GET "/assets/jquery.js?body=1" for 127.0.0.1 at 2014-03-26 18:08:13 -0600


Started GET "/assets/bootstrap_and_overrides.css?body=1" for 127.0.0.1 at 2014-03-26 18:08:13 -0600


Started GET "/assets/twitter/bootstrap/bootstrap-transition.js?body=1" for 127.0.0.1 at 2014-03-26 18:08:13 -0600


Started GET "/assets/twitter/bootstrap/bootstrap-modal.js?body=1" for 127.0.0.1 at 2014-03-26 18:08:13 -0600


Started GET "/assets/twitter/bootstrap/bootstrap-dropdown.js?body=1" for 127.0.0.1 at 2014-03-26 18:08:13 -0600


Started GET "/assets/twitter/bootstrap/bootstrap-scrollspy.js?body=1" for 127.0.0.1 at 2014-03-26 18:08:13 -0600


Started GET "/assets/twitter/bootstrap/bootstrap-tab.js?body=1" for 127.0.0.1 at 2014-03-26 18:08:13 -0600


Started GET "/assets/twitter/bootstrap/bootstrap-popover.js?body=1" for 127.0.0.1 at 2014-03-26 18:08:13 -0600


Started GET "/assets/twitter/bootstrap/bootstrap-tooltip.js?body=1" for 127.0.0.1 at 2014-03-26 18:08:13 -0600


Started GET "/assets/twitter/bootstrap/bootstrap-button.js?body=1" for 127.0.0.1 at 2014-03-26 18:08:13 -0600


Started GET "/assets/twitter/bootstrap/bootstrap-collapse.js?body=1" for 127.0.0.1 at 2014-03-26 18:08:13 -0600


Started GET "/assets/twitter/bootstrap/bootstrap-typeahead.js?body=1" for 127.0.0.1 at 2014-03-26 18:08:13 -0600


Started GET "/assets/twitter/bootstrap.js?body=1" for 127.0.0.1 at 2014-03-26 18:08:13 -0600


Started GET "/assets/twitter/bootstrap/bootstrap-carousel.js?body=1" for 127.0.0.1 at 2014-03-26 18:08:13 -0600


Started GET "/assets/twitter/bootstrap/bootstrap-affix.js?body=1" for 127.0.0.1 at 2014-03-26 18:08:13 -0600


Started GET "/assets/turbolinks.js?body=1" for 127.0.0.1 at 2014-03-26 18:08:13 -0600


Started GET "/assets/bootstrap.js?body=1" for 127.0.0.1 at 2014-03-26 18:08:13 -0600


Started GET "/assets/formulary_profile_areas.js?body=1" for 127.0.0.1 at 2014-03-26 18:08:13 -0600


Started GET "/assets/formulary_profile_classifies.js?body=1" for 127.0.0.1 at 2014-03-26 18:08:13 -0600


Started GET "/assets/formulary_profile_reaches.js?body=1" for 127.0.0.1 at 2014-03-26 18:08:13 -0600


Started GET "/assets/home.js?body=1" for 127.0.0.1 at 2014-03-26 18:08:13 -0600


Started GET "/assets/application.js?body=1" for 127.0.0.1 at 2014-03-26 18:08:13 -0600


Started GET "/images/favicon.ico" for 127.0.0.1 at 2014-03-26 18:08:13 -0600

ActionController::RoutingError (No route matches [GET] "/images/favicon.ico"):
  actionpack (4.0.2) lib/action_dispatch/middleware/debug_exceptions.rb:21:in `call'
  actionpack (4.0.2) lib/action_dispatch/middleware/show_exceptions.rb:30:in `call'
  railties (4.0.2) lib/rails/rack/logger.rb:38:in `call_app'
  railties (4.0.2) lib/rails/rack/logger.rb:20:in `block in call'
  activesupport (4.0.2) lib/active_support/tagged_logging.rb:67:in `block in tagged'
  activesupport (4.0.2) lib/active_support/tagged_logging.rb:25:in `tagged'
  activesupport (4.0.2) lib/active_support/tagged_logging.rb:67:in `tagged'
  railties (4.0.2) lib/rails/rack/logger.rb:20:in `call'
  actionpack (4.0.2) lib/action_dispatch/middleware/request_id.rb:21:in `call'
  rack (1.5.2) lib/rack/methodoverride.rb:21:in `call'
  rack (1.5.2) lib/rack/runtime.rb:17:in `call'
  activesupport (4.0.2) lib/active_support/cache/strategy/local_cache.rb:83:in `call'
  rack (1.5.2) lib/rack/lock.rb:17:in `call'
  actionpack (4.0.2) lib/action_dispatch/middleware/static.rb:64:in `call'
  rack (1.5.2) lib/rack/sendfile.rb:112:in `call'
  railties (4.0.2) lib/rails/engine.rb:511:in `call'
  railties (4.0.2) lib/rails/application.rb:97:in `call'
  rack (1.5.2) lib/rack/lock.rb:17:in `call'
  rack (1.5.2) lib/rack/content_length.rb:14:in `call'
  rack (1.5.2) lib/rack/handler/webrick.rb:60:in `service'
  /home/jason/.rvm/rubies/ruby-2.1.0/lib/ruby/2.1.0/webrick/httpserver.rb:138:in `service'
  /home/jason/.rvm/rubies/ruby-2.1.0/lib/ruby/2.1.0/webrick/httpserver.rb:94:in `run'
  /home/jason/.rvm/rubies/ruby-2.1.0/lib/ruby/2.1.0/webrick/server.rb:295:in `block in start_thread'


  Rendered /home/jason/.rvm/gems/ruby-2.1.0/gems/actionpack-4.0.2/lib/action_dispatch/middleware/templates/rescues/_trace.erb (0.9ms)
  Rendered /home/jason/.rvm/gems/ruby-2.1.0/gems/actionpack-4.0.2/lib/action_dispatch/middleware/templates/routes/_route.html.erb (2.8ms)
  Rendered /home/jason/.rvm/gems/ruby-2.1.0/gems/actionpack-4.0.2/lib/action_dispatch/middleware/templates/routes/_table.html.erb (1.0ms)
  Rendered /home/jason/.rvm/gems/ruby-2.1.0/gems/actionpack-4.0.2/lib/action_dispatch/middleware/templates/rescues/routing_error.erb within rescues/layout (20.4ms)
